生成启动时间为 2019/1/13 16:07:20。
     1>项目“F:\ABCBank\day36\ABCBank\BankClient\BankClient.vcxproj”在节点 2 上(Build 个目标)。
     1>ClCompile:
         C:\Program Files (x86)\Microsoft Visual Studio 12.0\VC\bin\CL.exe /c /ZI /nologo /W3 /WX- /Od /Oy- /D WIN32 /D _DEBUG /D _CONSOLE /D _MBCS /Gm /EHsc /RTC1 /MDd /GS /fp:precise /Zc:wchar_t /Zc:forScope /Fo"Debug\\" /Fd"Debug\vc120.pdb" /Gd /TP /analyze- /errorReport:prompt BankSession.cpp Client.cpp main.cpp TransactionManager.cpp JFC\JApplication.cpp JFC\JButton.cpp JFC\JEdit.cpp JFC\JForm.cpp JFC\JLabel.cpp JFC\JLinkText.cpp JFC\JMessageBox.cpp JFC\JWindow.cpp JFC\JWindowBase.cpp UI\BalanceInquiryForm.cpp UI\ChangePasswordForm.cpp UI\CloseAccountForm.cpp UI\DepositForm.cpp UI\DetailStatementForm.cpp UI\FormManager.cpp UI\LoginForm.cpp UI\MainMenuForm.cpp UI\OpenAccountForm.cpp UI\QueryAccountHistoryBillForm.cpp UI\QueryDayBillForm.cpp UI\QueryHistoryBillForm.cpp UI\ReceiptForm.cpp UI\TransferForm.cpp UI\Validator.cpp UI\WithdrawalForm.cpp ..\Public\Date.cpp ..\Public\Exception.cpp ..\Public\Idea.cpp ..\Public\JInStream.cpp ..\Public\JOutStream.cpp ..\Public\JThread.cpp ..\Public\JUtil.cpp ..\Public\Logging.cpp ..\Public\LogStream.cpp ..\Public\MD5.cpp ..\Public\Socket.cpp ..\Public\StringUtil.cpp ..\Public\Systemconfig.cpp ..\Public\Timestamp.cpp CMD\BalanceInquiry.cpp CMD\ChangePassword.cpp CMD\CloseAccount.cpp CMD\Deposit.cpp CMD\OpenAccount.cpp CMD\QueryAccountHistoryBill.cpp CMD\QueryDayBill.cpp CMD\QueryHistoryBill.cpp CMD\Transfer.cpp CMD\UserLogin.cpp CMD\Withdrawal.cpp
         Withdrawal.cpp
         UserLogin.cpp
         Transfer.cpp
         QueryHistoryBill.cpp
         QueryDayBill.cpp
         QueryAccountHistoryBill.cpp
         OpenAccount.cpp
         Deposit.cpp
         CloseAccount.cpp
         ChangePassword.cpp
         BalanceInquiry.cpp
         Timestamp.cpp
         Systemconfig.cpp
         StringUtil.cpp
         Socket.cpp
         MD5.cpp
         LogStream.cpp
         Logging.cpp
         JUtil.cpp
         JThread.cpp
         正在生成代码...
         正在编译...
         JOutStream.cpp
         JInStream.cpp
         Idea.cpp
         Exception.cpp
         Date.cpp
         WithdrawalForm.cpp
         Validator.cpp
         TransferForm.cpp
         ReceiptForm.cpp
         QueryHistoryBillForm.cpp
         QueryDayBillForm.cpp
         QueryAccountHistoryBillForm.cpp
         OpenAccountForm.cpp
         MainMenuForm.cpp
         LoginForm.cpp
         FormManager.cpp
         DetailStatementForm.cpp
         DepositForm.cpp
         CloseAccountForm.cpp
         ChangePasswordForm.cpp
         正在生成代码...
         正在编译...
         BalanceInquiryForm.cpp
         JWindowBase.cpp
         JWindow.cpp
         JMessageBox.cpp
         JLinkText.cpp
         JLabel.cpp
         JForm.cpp
         JEdit.cpp
         JButton.cpp
         JApplication.cpp
         TransactionManager.cpp
         main.cpp
         Client.cpp
         BankSession.cpp
         正在生成代码...
     1>C:\Program Files (x86)\MSBuild\Microsoft.Cpp\v4.0\V120\Microsoft.CppBuild.targets(1186,5): warning MSB8012: TargetPath(F:\ABCBank\day36\ABCBank\BankClient\Debug\BankClient.exe) does not match the Linker's OutputFile property value (F:\ABCBank\day36\ABCBank\Bin\BankClient.exe). This may cause your project to build incorrectly. To correct this, please make sure that $(OutDir), $(TargetName) and $(TargetExt) property values match the value specified in %(Link.OutputFile).
       Link:
         C:\Program Files (x86)\Microsoft Visual Studio 12.0\VC\bin\link.exe /ERRORREPORT:PROMPT /OUT:"..\Bin\BankClient.exe" /INCREMENTAL /NOLOGO opencv_ml248d.lib opencv_calib3d248d.lib opencv_contrib248d.lib opencv_core248d.lib opencv_features2d248d.lib opencv_flann248d.lib opencv_gpu248d.lib opencv_highgui248d.lib opencv_imgproc248d.lib opencv_legacy248d.lib opencv_objdetect248d.lib opencv_ts248d.lib opencv_video248d.lib opencv_nonfree248d.lib opencv_ocl248d.lib opencv_photo248d.lib opencv_stitching248d.lib opencv_superres248d.lib opencv_videostab248d.lib opencv_objdetect248.lib opencv_ts248.lib opencv_video248.lib opencv_nonfree248.lib opencv_ocl248.lib opencv_photo248.lib opencv_stitching248.lib opencv_superres248.lib opencv_videostab248.lib opencv_calib3d248.lib opencv_contrib248.lib opencv_core248.lib opencv_features2d248.lib opencv_flann248.lib opencv_gpu248.lib opencv_highgui248.lib opencv_imgproc248.lib opencv_legacy248.lib opencv_ml248.lib kernel32.lib user32.lib gdi32.lib winspool.lib comdlg32.lib advapi32.lib shell32.lib ole32.lib oleaut32.lib uuid.lib odbc32.lib odbccp32.lib /MANIFEST /MANIFESTUAC:"level='asInvoker' uiAccess='false'" /manifest:embed /DEBUG /PDB:"F:\ABCBank\day36\ABCBank\BankClient\Debug\BankClient.pdb" /SUBSYSTEM:CONSOLE /TLBID:1 /DYNAMICBASE /NXCOMPAT /IMPLIB:"F:\ABCBank\day36\ABCBank\BankClient\Debug\BankClient.lib" /MACHINE:X86 /SAFESEH Debug\BankSession.obj
         Debug\Client.obj
         Debug\main.obj
         Debug\TransactionManager.obj
         Debug\JApplication.obj
         Debug\JButton.obj
         Debug\JEdit.obj
         Debug\JForm.obj
         Debug\JLabel.obj
         Debug\JLinkText.obj
         Debug\JMessageBox.obj
         Debug\JWindow.obj
         Debug\JWindowBase.obj
         Debug\BalanceInquiryForm.obj
         Debug\ChangePasswordForm.obj
         Debug\CloseAccountForm.obj
         Debug\DepositForm.obj
         Debug\DetailStatementForm.obj
         Debug\FormManager.obj
         Debug\LoginForm.obj
         Debug\MainMenuForm.obj
         Debug\OpenAccountForm.obj
         Debug\QueryAccountHistoryBillForm.obj
         Debug\QueryDayBillForm.obj
         Debug\QueryHistoryBillForm.obj
         Debug\ReceiptForm.obj
         Debug\TransferForm.obj
         Debug\Validator.obj
         Debug\WithdrawalForm.obj
         Debug\Date.obj
         Debug\Exception.obj
         Debug\Idea.obj
         Debug\JInStream.obj
         Debug\JOutStream.obj
         Debug\JThread.obj
         Debug\JUtil.obj
         Debug\Logging.obj
         Debug\LogStream.obj
         Debug\MD5.obj
         Debug\Socket.obj
         Debug\StringUtil.obj
         Debug\Systemconfig.obj
         Debug\Timestamp.obj
         Debug\BalanceInquiry.obj
         Debug\ChangePassword.obj
         Debug\CloseAccount.obj
         Debug\Deposit.obj
         Debug\OpenAccount.obj
         Debug\QueryAccountHistoryBill.obj
         Debug\QueryDayBill.obj
         Debug\QueryHistoryBill.obj
         Debug\Transfer.obj
         Debug\UserLogin.obj
         Debug\Withdrawal.obj
     1>BankSession.obj : warning LNK4075: 忽略“/EDITANDCONTINUE”(由于“/SAFESEH”规范)
         BankClient.vcxproj -> F:\ABCBank\day36\ABCBank\BankClient\Debug\BankClient.exe
     1>已完成生成项目“F:\ABCBank\day36\ABCBank\BankClient\BankClient.vcxproj”(Build 个目标)的操作。

生成成功。

已用时间 00:00:38.77
