生成启动时间为 2019/1/13 16:07:34。
     1>项目“F:\ABCBank\day36\ABCBank\BankServer\BankServer.vcxproj”在节点 2 上(Build 个目标)。
     1>ClCompile:
         C:\Program Files (x86)\Microsoft Visual Studio 12.0\VC\bin\CL.exe /c /I..\Inc /ZI /nologo /W3 /WX- /Od /Oy- /D WIN32 /D _DEBUG /D _CONSOLE /D _UNICODE /D UNICODE /Gm /EHsc /RTC1 /MDd /GS /fp:precise /Zc:wchar_t /Zc:forScope /Fo"Debug\\" /Fd"Debug\vc120.pdb" /Gd /TP /analyze- /errorReport:prompt BankSession.cpp BankThread.cpp main.cpp Server.cpp TransactionManager.cpp ..\Public\Date.cpp ..\Public\Exception.cpp ..\Public\Idea.cpp ..\Public\JInStream.cpp ..\Public\JOutStream.cpp ..\Public\JThread.cpp ..\Public\JUtil.cpp ..\Public\Logging.cpp ..\Public\LogStream.cpp ..\Public\MD5.cpp ..\Public\Socket.cpp ..\Public\StringUtil.cpp ..\Public\Systemconfig.cpp ..\Public\Timestamp.cpp CMD\BalanceInquiry.cpp CMD\ChangePassword.cpp CMD\CloseAccount.cpp CMD\Deposit.cpp CMD\OpenAccount.cpp CMD\QueryAccountHistoryBill.cpp CMD\QueryDayBill.cpp CMD\QueryHistoryBill.cpp CMD\Transfer.cpp CMD\UserLogin.cpp CMD\Withdrawal.cpp DAL\BankService.cpp DAL\MysqlDB.cpp
         MysqlDB.cpp
         BankService.cpp
         Withdrawal.cpp
         UserLogin.cpp
         Transfer.cpp
         QueryHistoryBill.cpp
         QueryDayBill.cpp
         QueryAccountHistoryBill.cpp
         OpenAccount.cpp
         Deposit.cpp
         CloseAccount.cpp
         ChangePassword.cpp
         BalanceInquiry.cpp
         Timestamp.cpp
         Systemconfig.cpp
         StringUtil.cpp
         Socket.cpp
         MD5.cpp
         LogStream.cpp
         Logging.cpp
         正在生成代码...
         正在编译...
         JUtil.cpp
         JThread.cpp
         JOutStream.cpp
         JInStream.cpp
         Idea.cpp
         Exception.cpp
         Date.cpp
         TransactionManager.cpp
         Server.cpp
         main.cpp
         BankThread.cpp
         BankSession.cpp
         正在生成代码...
     1>C:\Program Files (x86)\MSBuild\Microsoft.Cpp\v4.0\V120\Microsoft.CppBuild.targets(1186,5): warning MSB8012: TargetPath(F:\ABCBank\day36\ABCBank\BankServer\Debug\BankServer.exe) does not match the Linker's OutputFile property value (F:\ABCBank\day36\ABCBank\Bin\BankServer.exe). This may cause your project to build incorrectly. To correct this, please make sure that $(OutDir), $(TargetName) and $(TargetExt) property values match the value specified in %(Link.OutputFile).
       Link:
         C:\Program Files (x86)\Microsoft Visual Studio 12.0\VC\bin\link.exe /ERRORREPORT:PROMPT /OUT:"..\Bin\BankServer.exe" /INCREMENTAL /NOLOGO /LIBPATH:..\Lib libmysql.lib opencv_ml248d.lib opencv_calib3d248d.lib opencv_contrib248d.lib opencv_core248d.lib opencv_features2d248d.lib opencv_flann248d.lib opencv_gpu248d.lib opencv_highgui248d.lib opencv_imgproc248d.lib opencv_legacy248d.lib opencv_objdetect248d.lib opencv_ts248d.lib opencv_video248d.lib opencv_nonfree248d.lib opencv_ocl248d.lib opencv_photo248d.lib opencv_stitching248d.lib opencv_superres248d.lib opencv_videostab248d.lib opencv_objdetect248.lib opencv_ts248.lib opencv_video248.lib opencv_nonfree248.lib opencv_ocl248.lib opencv_photo248.lib opencv_stitching248.lib opencv_superres248.lib opencv_videostab248.lib opencv_calib3d248.lib opencv_contrib248.lib opencv_core248.lib opencv_features2d248.lib opencv_flann248.lib opencv_gpu248.lib opencv_highgui248.lib opencv_imgproc248.lib opencv_legacy248.lib opencv_ml248.lib kernel32.lib user32.lib gdi32.lib winspool.lib comdlg32.lib advapi32.lib shell32.lib ole32.lib oleaut32.lib uuid.lib odbc32.lib odbccp32.lib /MANIFEST /MANIFESTUAC:"level='asInvoker' uiAccess='false'" /manifest:embed /DEBUG /PDB:"F:\ABCBank\day36\ABCBank\BankServer\Debug\BankServer.pdb" /SUBSYSTEM:CONSOLE /TLBID:1 /DYNAMICBASE /NXCOMPAT /IMPLIB:"F:\ABCBank\day36\ABCBank\BankServer\Debug\BankServer.lib" /MACHINE:X86 /SAFESEH Debug\BankSession.obj
         Debug\BankThread.obj
         Debug\main.obj
         Debug\Server.obj
         Debug\TransactionManager.obj
         Debug\Date.obj
         Debug\Exception.obj
         Debug\Idea.obj
         Debug\JInStream.obj
         Debug\JOutStream.obj
         Debug\JThread.obj
         Debug\JUtil.obj
         Debug\Logging.obj
         Debug\LogStream.obj
         Debug\MD5.obj
         Debug\Socket.obj
         Debug\StringUtil.obj
         Debug\Systemconfig.obj
         Debug\Timestamp.obj
         Debug\BalanceInquiry.obj
         Debug\ChangePassword.obj
         Debug\CloseAccount.obj
         Debug\Deposit.obj
         Debug\OpenAccount.obj
         Debug\QueryAccountHistoryBill.obj
         Debug\QueryDayBill.obj
         Debug\QueryHistoryBill.obj
         Debug\Transfer.obj
         Debug\UserLogin.obj
         Debug\Withdrawal.obj
         Debug\BankService.obj
         Debug\MysqlDB.obj
     1>BankSession.obj : warning LNK4075: 忽略“/EDITANDCONTINUE”(由于“/SAFESEH”规范)
         BankServer.vcxproj -> F:\ABCBank\day36\ABCBank\BankServer\Debug\BankServer.exe
     1>已完成生成项目“F:\ABCBank\day36\ABCBank\BankServer\BankServer.vcxproj”(Build 个目标)的操作。

生成成功。

已用时间 00:00:23.78
